<?xml version="1.0" encoding="UTF-8"?>
<testng-results ignored="0" total="2" passed="2" failed="0" skipped="0">
  <reporter-output>
  </reporter-output>
  <suite started-at="2022-10-29T12:26:51 EDT" name="Default suite" finished-at="2022-10-29T12:26:54 EDT" duration-ms="3401">
    <groups>
    </groups>
    <test started-at="2022-10-29T12:26:51 EDT" name="Default test" finished-at="2022-10-29T12:26:54 EDT" duration-ms="3401">
      <class name="com.locators.IdLocator">
        <test-method signature="setUp()[pri:0, instance:com.locators.IdLocator@50b472aa]" started-at="2022-10-29T12:26:51 EDT" name="setUp" finished-at="2022-10-29T12:26:54 EDT" duration-ms="3247" status="PASS">
          <reporter-output>
          </reporter-output>
        </test-method> <!-- setUp -->
        <test-method signature="username()[pri:0, instance:com.locators.IdLocator@50b472aa]" started-at="2022-10-29T12:26:54 EDT" name="username" finished-at="2022-10-29T12:26:54 EDT" duration-ms="109" status="PASS">
          <reporter-output>
          </reporter-output>
        </test-method> <!-- username -->
      </class> <!-- com.locators.IdLocator -->
    </test> <!-- Default test -->
  </suite> <!-- Default suite -->
</testng-results>
